<?xml version="1.0" encoding="UTF-8"?>
<!-- Generated by org.testng.reporters.JUnitXMLReporter -->
<testsuite ignored="0" hostname="DESKTOP-M9BLJAP" failures="0" tests="4" name="Default test" time="3.956" errors="0" timestamp="2024-07-30T19:01:21 EET">
  <testcase classname="MyTestCases" name="addData" time="0.022"/>
  <testcase classname="MyTestCases" name="updateData" time="0.008"/>
  <testcase classname="MyTestCases" name="getData" time="3.388"/>
  <testcase classname="MyTestCases" name="deleteData" time="0.007"/>
</testsuite> <!-- Default test -->
