<?xml version="1.0" encoding="UTF-8"?>
<testng-results ignored="0" total="4" passed="4" failed="0" skipped="0">
  <reporter-output>
  </reporter-output>
  <suite started-at="2024-07-30T19:01:17 EET" name="Default suite" finished-at="2024-07-30T19:01:21 EET" duration-ms="3956">
    <groups>
    </groups>
    <test started-at="2024-07-30T19:01:17 EET" name="Default test" finished-at="2024-07-30T19:01:21 EET" duration-ms="3956">
      <class name="MyTestCases">
        <test-method is-config="true" signature="SetUp()[pri:0, instance:MyTestCases@6ee660fb]" started-at="2024-07-30T19:01:17 EET" name="SetUp" finished-at="2024-07-30T19:01:17 EET" duration-ms="491" status="PASS">
          <reporter-output>
          </reporter-output>
        </test-method> <!-- SetUp -->
        <test-method signature="addData()[pri:1, instance:MyTestCases@6ee660fb]" started-at="2024-07-30T19:01:17 EET" name="addData" finished-at="2024-07-30T19:01:17 EET" duration-ms="22" status="PASS">
          <reporter-output>
          </reporter-output>
        </test-method> <!-- addData -->
        <test-method signature="updateData()[pri:2, instance:MyTestCases@6ee660fb]" started-at="2024-07-30T19:01:17 EET" name="updateData" finished-at="2024-07-30T19:01:17 EET" duration-ms="8" status="PASS">
          <reporter-output>
          </reporter-output>
        </test-method> <!-- updateData -->
        <test-method signature="getData()[pri:3, instance:MyTestCases@6ee660fb]" started-at="2024-07-30T19:01:17 EET" name="getData" finished-at="2024-07-30T19:01:21 EET" duration-ms="3388" status="PASS">
          <reporter-output>
          </reporter-output>
        </test-method> <!-- getData -->
        <test-method signature="deleteData()[pri:4, instance:MyTestCases@6ee660fb]" started-at="2024-07-30T19:01:21 EET" name="deleteData" finished-at="2024-07-30T19:01:21 EET" duration-ms="7" status="PASS">
          <reporter-output>
          </reporter-output>
        </test-method> <!-- deleteData -->
      </class> <!-- MyTestCases -->
    </test> <!-- Default test -->
  </suite> <!-- Default suite -->
</testng-results>
